#
# There is insufficient memory for the Java Runtime Environment to continue.
# Native memory allocation (mmap) failed to map 123731968 bytes for Failed to commit area from 0x000000008a200000 to 0x0000000091800000 of length 123731968.
# Possible reasons:
#   The system is out of physical RAM or swap space
#   The process is running with CompressedOops enabled, and the Java Heap may be blocking the growth of the native heap
# Possible solutions:
#   Reduce memory load on the system
#   Increase physical memory or swap space
#   Check if swap backing store is full
#   Decrease Java heap size (-Xmx/-Xms)
#   Decrease number of Java threads
#   Decrease Java thread stack sizes (-Xss)
#   Set larger code cache with -XX:ReservedCodeCacheSize=
# This output file may be truncated or incomplete.
#
#  Out of Memory Error (./src/hotspot/os/windows/os_windows.cpp:3301), pid=26176, tid=25736
#
# JRE version:  (11.0.10) (build )
# Java VM: OpenJDK 64-Bit Server VM (11.0.10+0-b96-7249189, mixed mode, sharing, tiered, compressed oops, g1 gc, windows-amd64)
# No core dump will be written. Minidumps are not enabled by default on client versions of Windows
#

---------------  S U M M A R Y ------------

Command Line: 

Host: AMD Ryzen 7 4800H with Radeon Graphics         , 16 cores, 7G,  Windows 10 , 64 bit Build 22000 (10.0.22000.318)
Time: Sat Nov 27 09:51:04 2021 SE Asia Standard Time elapsed time: 0.008635 seconds (0d 0h 0m 0s)

---------------  T H R E A D  ---------------

Current thread (0x000001ed62025000):  JavaThread "Unknown thread" [_thread_in_vm, id=25736, stack(0x00000047dc800000,0x00000047dc900000)]

Stack: [0x00000047dc800000,0x00000047dc900000]
Native frames: (J=compiled Java code, j=interpreted, Vv=VM code, C=native code)
V  [jvm.dll+0x5ecfaa]
V  [jvm.dll+0x722bd5]
V  [jvm.dll+0x72412d]
V  [jvm.dll+0x7247e3]
V  [jvm.dll+0x242928]
V  [jvm.dll+0x5ea374]
V  [jvm.dll+0x5df425]
V  [jvm.dll+0x2fdebb]
V  [jvm.dll+0x2fde2a]
V  [jvm.dll+0x2fdd02]
V  [jvm.dll+0x302bf6]
V  [jvm.dll+0x34b2a3]
V  [jvm.dll+0x34b9a6]
V  [jvm.dll+0x34b3a3]
V  [jvm.dll+0x2d8888]
V  [jvm.dll+0x2d9a37]
V  [jvm.dll+0x701737]
V  [jvm.dll+0x702f2c]
V  [jvm.dll+0x3587d9]
V  [jvm.dll+0x6e4fae]
V  [jvm.dll+0x3c0be3]
V  [jvm.dll+0x3c2e91]
C  [jli.dll+0x5373]
C  [ucrtbase.dll+0x26c0c]
C  [KERNEL32.DLL+0x154e0]
C  [ntdll.dll+0x485b]


---------------  P R O C E S S  ---------------

Threads class SMR info:
_java_thread_list=0x000001ed61deb090, length=0, elements={
}

Java Threads: ( => current thread )

Other Threads:
  0x000001ed6203f800 GCTaskThread "GC Thread#0" [stack: 0x00000047dc900000,0x00000047dca00000] [id=25356]
  0x000001ed6206e000 ConcurrentGCThread "G1 Main Marker" [stack: 0x00000047dca00000,0x00000047dcb00000] [id=21060]
  0x000001ed6206f000 ConcurrentGCThread "G1 Conc#0" [stack: 0x00000047dcb00000,0x00000047dcc00000] [id=7524]

[error occurred during error reporting (printing all threads), id 0xc0000005, EXCEPTION_ACCESS_VIOLATION (0xc0000005) at pc=0x00007fff69da9107]

VM state:not at safepoint (not fully initialized)

VM Mutex/Monitor currently owned by a thread:  ([mutex/lock_event])
[0x000001ed620222f0] Heap_lock - owner thread: 0x000001ed62025000

Heap address: 0x000000008a200000, size: 1886 MB, Compressed Oops mode: Non-zero based: 0x000000008a200000
Narrow klass base: 0x0000000000000000, Narrow klass shift: 0

GC Heap History (0 events):
No events

Deoptimization events (0 events):
No events

Classes redefined (0 events):
No events

Internal exceptions (0 events):
No events

Events (1 events):
Event: 0.006 Loaded shared library D:\SystemFile\Android_Studio\jre\bin\zip.dll


Dynamic libraries:
0x00007ff666af0000 - 0x00007ff666afa000 	D:\SystemFile\Android_Studio\jre\bin\java.EXE
0x00007fffe1600000 - 0x00007fffe1807000 	C:\WINDOWS\SYSTEM32\ntdll.dll
0x00007fffdfaa0000 - 0x00007fffdfb5d000 	C:\WINDOWS\System32\KERNEL32.DLL
0x00007fffdf0e0000 - 0x00007fffdf454000 	C:\WINDOWS\System32\KERNELBASE.dll
0x00007fffdef50000 - 0x00007fffdf061000 	C:\WINDOWS\System32\ucrtbase.dll
0x00007fffd64a0000 - 0x00007fffd64b9000 	D:\SystemFile\Android_Studio\jre\bin\jli.dll
0x00007fffc65e0000 - 0x00007fffc65f7000 	D:\SystemFile\Android_Studio\jre\bin\VCRUNTIME140.dll
0x00007fffdf8f0000 - 0x00007fffdfa9c000 	C:\WINDOWS\System32\USER32.dll
0x00007fffdf460000 - 0x00007fffdf486000 	C:\WINDOWS\System32\win32u.dll
0x00007fffc5810000 - 0x00007fffc5ab5000 	C:\WINDOWS\WinSxS\amd64_microsoft.windows.common-controls_6595b64144ccf1df_6.0.22000.120_none_9d947278b86cc467\COMCTL32.dll
0x00007fffe0c40000 - 0x00007fffe0c69000 	C:\WINDOWS\System32\GDI32.dll
0x00007fffdee30000 - 0x00007fffdef42000 	C:\WINDOWS\System32\gdi32full.dll
0x00007fffe10a0000 - 0x00007fffe1143000 	C:\WINDOWS\System32\msvcrt.dll
0x00007fffdecd0000 - 0x00007fffded6d000 	C:\WINDOWS\System32\msvcp_win.dll
0x00007fffdf690000 - 0x00007fffdf6c1000 	C:\WINDOWS\System32\IMM32.DLL
0x00007fff6c850000 - 0x00007fff6c8ed000 	D:\SystemFile\Android_Studio\jre\bin\msvcp140.dll
0x00007fff69ac0000 - 0x00007fff6a58f000 	D:\SystemFile\Android_Studio\jre\bin\server\jvm.dll
0x00007fffdfb70000 - 0x00007fffdfc1c000 	C:\WINDOWS\System32\ADVAPI32.dll
0x00007fffdf4b0000 - 0x00007fffdf54d000 	C:\WINDOWS\System32\sechost.dll
0x00007fffdf550000 - 0x00007fffdf671000 	C:\WINDOWS\System32\RPCRT4.dll
0x00007fffdf680000 - 0x00007fffdf688000 	C:\WINDOWS\System32\PSAPI.DLL
0x00007fffbb690000 - 0x00007fffbb699000 	C:\WINDOWS\SYSTEM32\WSOCK32.dll
0x00007fffd6270000 - 0x00007fffd627a000 	C:\WINDOWS\SYSTEM32\VERSION.dll
0x00007fffdf6d0000 - 0x00007fffdf73f000 	C:\WINDOWS\System32\WS2_32.dll
0x00007fffd6230000 - 0x00007fffd6263000 	C:\WINDOWS\SYSTEM32\WINMM.dll
0x00007fffddbc0000 - 0x00007fffddbd8000 	C:\WINDOWS\SYSTEM32\kernel.appcore.dll
0x00007fffc3110000 - 0x00007fffc3121000 	D:\SystemFile\Android_Studio\jre\bin\verify.dll
0x00007fffdc6d0000 - 0x00007fffdc8f1000 	C:\WINDOWS\SYSTEM32\DBGHELP.DLL
0x00007fffbae00000 - 0x00007fffbae31000 	C:\WINDOWS\SYSTEM32\dbgcore.DLL
0x00007fffdec50000 - 0x00007fffdecd0000 	C:\WINDOWS\System32\bcryptPrimitives.dll
0x00007fffbb770000 - 0x00007fffbb799000 	D:\SystemFile\Android_Studio\jre\bin\java.dll
0x00007fffc7030000 - 0x00007fffc703b000 	D:\SystemFile\Android_Studio\jre\bin\jimage.dll
0x00007fffc30f0000 - 0x00007fffc3108000 	D:\SystemFile\Android_Studio\jre\bin\zip.dll

dbghelp: loaded successfully - version: 4.0.5 - missing functions: none
symbol engine: initialized successfully - sym options: 0x614 - pdb path: .;D:\SystemFile\Android_Studio\jre\bin;C:\WINDOWS\SYSTEM32;C:\WINDOWS\WinSxS\amd64_microsoft.windows.common-controls_6595b64144ccf1df_6.0.22000.120_none_9d947278b86cc467;D:\SystemFile\Android_Studio\jre\bin\server

VM Arguments:
java_command: <unknown>
java_class_path (initial): <not set>
Launcher Type: SUN_STANDARD

[Global flags]
     intx CICompilerCount                          = 12                                        {product} {ergonomic}
     uint ConcGCThreads                            = 3                                         {product} {ergonomic}
     uint G1ConcRefinementThreads                  = 13                                        {product} {ergonomic}
   size_t G1HeapRegionSize                         = 1048576                                   {product} {ergonomic}
    uintx GCDrainStackTargetSize                   = 64                                        {product} {ergonomic}
   size_t InitialHeapSize                          = 123731968                                 {product} {ergonomic}
   size_t MarkStackSize                            = 4194304                                   {product} {ergonomic}
   size_t MaxHeapSize                              = 1977614336                                {product} {ergonomic}
   size_t MinHeapDeltaBytes                        = 1048576                                   {product} {ergonomic}
    uintx NonNMethodCodeHeapSize                   = 7594288                                {pd product} {ergonomic}
    uintx NonProfiledCodeHeapSize                  = 122031976                              {pd product} {ergonomic}
    uintx ProfiledCodeHeapSize                     = 122031976                              {pd product} {ergonomic}
    uintx ReservedCodeCacheSize                    = 251658240                              {pd product} {ergonomic}
     bool SegmentedCodeCache                       = true                                      {product} {ergonomic}
     bool UseCompressedClassPointers               = true                                 {lp64_product} {ergonomic}
     bool UseCompressedOops                        = true                                 {lp64_product} {ergonomic}
     bool UseG1GC                                  = true                                      {product} {ergonomic}
     bool UseLargePagesIndividualAllocation        = false                                  {pd product} {ergonomic}

Logging:
Log output configuration:
 #0: stdout all=warning uptime,level,tags
 #1: stderr all=off uptime,level,tags

Environment Variables:
JAVA_HOME=C:\Program Files\Eclipse Foundation\jdk-11.0.12.7-hotspot\
PATH=D:\SystemFile\cmder\vendor\conemu-maximus5\ConEmu\Scripts;D:\SystemFile\cmder\vendor\conemu-maximus5;D:\SystemFile\cmder\vendor\conemu-maximus5\ConEmu;C:\Program Files\Eclipse Foundation\jdk-11.0.12.7-hotspot\bin;C:\Program Files\Semeru\jdk-11.0.12.7-openj9\bin;C:\WINDOWS\system32;C:\WINDOWS;C:\WINDOWS\System32\Wbem;C:\WINDOWS\System32\WindowsPowerShell\v1.0\;C:\WINDOWS\System32\OpenSSH\;C:\Program Files\dotnet\;D:\bin\apache-maven-3.8.2\bin;D:\SystemFile\Git\cmd;D:\SystemFile\flutter\bin;C:\Program Files\Microsoft SQL Server\Client SDK\ODBC\170\Tools\Binn\;C:\Program Files (x86)\Microsoft SQL Server\150\Tools\Binn\;C:\Program Files\Microsoft SQL Server\150\Tools\Binn\;C:\Program Files\Microsoft SQL Server\150\DTS\Binn\;C:\Program Files (x86)\Microsoft SQL Server\150\DTS\Binn\;C:\Program Files\Azure Data Studio\bin;C:\Program Files (x86)\dotnet\;C:\Program Files\Docker\Docker\resources\bin;C:\ProgramData\DockerDesktop\version-bin;C:\Program Files (x86)\Calibre2\;C:\platform-tools;C:\Program Files\NVIDIA Corporation\NVIDIA NvDLISR;C:\Program Files (x86)\NVIDIA Corporation\PhysX\Common;C:\Users\tuong\Desktop;C:\Users\tuong\AppData\Local\Microsoft\WindowsApps;D:\SystemFile\IntelliJ IDEA 2021.2\bin;D:\SystemFile\Microsoft VS Code\bin;C:\Users\tuong\.dotnet\tools;D:\SystemFile\GoLand 2021.2.1\bin;C:\Users\tuong\AppData\Local\GitHubDesktop\bin;C:\Program Files\Azure Data Studio\bin;D:\SystemFile\Git\mingw64\bin;D:\SystemFile\Git\usr\bin;D:\SystemFile\cmder\vendor\bin;D:\SystemFile\cmder;D:\SystemFile\flutter\bin\mingit\cmd
USERNAME=tuong
LANG=en_US.UTF-8
OS=Windows_NT
PROCESSOR_IDENTIFIER=AMD64 Family 23 Model 96 Stepping 1, AuthenticAMD



---------------  S Y S T E M  ---------------

OS: Windows 10 , 64 bit Build 22000 (10.0.22000.318)
OS uptime: 0 days 0:10 hours
Hyper-V role detected

CPU:total 16 (initial active 16) (16 cores per cpu, 2 threads per core) family 23 model 96 stepping 1 microcode 0x0, cmov, cx8, fxsr, mmx, sse, sse2, sse3, ssse3, sse4.1, sse4.2, popcnt, avx, avx2, aes, clmul, mmxext, 3dnowpref, lzcnt, sse4a, ht, tsc, tscinvbit, tscinv, bmi1, bmi2, adx, 

Memory: 4k page, system-wide physical 7539M (172M free)
TotalPageFile size 30631M (AvailPageFile size 18M)
current process WorkingSet (physical memory assigned to process): 10M, peak: 10M
current process commit charge ("private bytes"): 70M, peak: 188M

vm_info: OpenJDK 64-Bit Server VM (11.0.10+0-b96-7249189) for windows-amd64 JRE (11.0.10+0-b96-7249189), built on Mar 31 2021 21:44:00 by "builder" with MS VC++ 14.0 (VS2015)

END.
